Ansys Lumerical 2023 R1 Variational FDTD Solver Version 7.21.3262 (Windows 64bit)
 expires (month/day/year): 12/31/2035
using config file: Ansys Licensing set with ANSYSLMD_LICENSE_FILE
license host: 1055@localhost
current time: 周二 2月 28 21:47:19 2023
Running on host: zx
All processes are communicating and ready to proceed to simulation...
Running lms file: C:\Program Files\Lumerical\v231\bin\varfdtd-engine-msmpi.exe -t 1 -remote -shared-solve-license QU5TWVNfTElDRU5TSU5HX0NPTlRFWFRfREFUQT08QU5TWVNfTElDRU5TSU5HX0NPTlRFWFRfREFUQT48SUQ+MDM2ODg2MzUtNTY3OS00Y2M2LWFjN2QtNzA2MWVkYjgzNjBhPC9JRD48VFlQRT5IUENfUEFSQU1FVFJJQzwvVFlQRT48TkFNRT5IUEMgUGFyYW1ldHJpYzwvTkFNRT48SEFORExFUj4zODc3QHp4PC9IQU5ETEVSPjwvQU5TWVNfTElDRU5TSU5HX0NPTlRFWFRfREFUQT4K G:/Waveguide Taper/waveguide-taper_indexImage.lms
number of processors is 4
processors are distributed as: 2x2x1
Running TE Simulation
Starting meshing
Simulation size in gridpoints: 159 x 109 x 1
Refined 0 mesh cells (0%)
Completed meshing!
Meshing complete in 0.046875 seconds of CPU time
0 0
Starting meshing
Simulation size in gridpoints: 159 x 109 x 1
Refined 0 mesh cells (0%)
Completed meshing!
Meshing complete in 0.046875 seconds of CPU time
0 0
finished material properties
Selected kernel with optimization level: 0 and split-field propagation direction: 0
-----------------------------------------
Beginning initialization of TE Simulation
Starting to add sources to simulation
Starting to add boundary conditions to simulation
Adding TE PML BC
Adding TE parallel BC
Adding TE PML BC
Adding TE parallel BC
Starting to add monitors to Simulation
Adding analysis monitor
Adding 3D index monitor
Finished initialization of TE Simulation
-----------------------------------------
All processes are communicating and ready to proceed to simulation...
Starting 21413 total iterations
0% complete. Max time remaining: 3 secs. Auto Shutoff: 1
1% complete. Max time remaining: 3 secs. Auto Shutoff: 1
2% complete. Max time remaining: 3 secs. Auto Shutoff: 1
5% complete. Max time remaining: 3 secs. Auto Shutoff: 1
6% complete. Max time remaining: 2 secs. Auto Shutoff: 0
Early termination of simulation, the autoshutoff criteria are satisfied.
Completed 1388 iterations, or 6.48215e-14s of Simulation Time
Process 0 starting to collect data
    collecting monitor data
Adding 3D index monitor
    collecting source data
Finished collecting data
17331

1388

0.1726

Simulation completed successfully at: 周二 2月 28 21:47:19 2023
Overall wall time measurements in seconds: 1.33585
    time to mesh and initialize: 0.405141
    time to run FDTD simulation: 0.1726
    time to finalize data and save to files: 0.0111702
    miscellaneous time: 0.746925
    FDTD solver speed on process 0: 139.371 Mnodes/s
    total FDTD solver speed on 4 processes: 557.483 Mnodes/s
