Ansys Lumerical 2023 R1 Finite Element Eigenmode Solver Version 7.11.3262 (Windows 64bit)
 expires (month/day/year): 12/31/2035
using config file: Ansys Licensing set with ANSYSLMD_LICENSE_FILE
license host: 1055@localhost
current time: 周五 3月 31 21:05:06 2023
Running on host: zx
Running ldev file: C:\Program Files\Lumerical\v231\bin\feem-engine-msmpi.exe G:/IntegratedWaveguideOnChip/Waveguide Substrate Loss (FEEM)/waveguide_substrate_losses.ldev -remote -shared-solve-license QU5TWVNfTElDRU5TSU5HX0NPTlRFWFRfREFUQT08QU5TWVNfTElDRU5TSU5HX0NPTlRFWFRfREFUQT48SUQ+YjhiNjEyZDUtNzcyMS00NGEyLThkNjctNjNhYmM1YjhmMDJjPC9JRD48VFlQRT5IUENfUEFSQU1FVFJJQzwvVFlQRT48TkFNRT5IUEMgUGFyYW1ldHJpYzwvTkFNRT48SEFORExFUj40MTM3QHp4PC9IQU5ETEVSPjwvQU5TWVNfTElDRU5TSU5HX0NPTlRFWFRfREFUQT4K
  ...G:/IntegratedWaveguideOnChip/Waveguide Substrate Loss (FEEM)/waveguide_substrate_losses.ldev loaded
Remote execution (remote argument) set to true.
Generating mesh.
Mesh generation complete (1s)
  + vertices: 2756
  + elements: 5271
All processes are communicating and ready to proceed to simulation...
Starting solver.
Setting number of threads: 1
.Loading mesh.
Adding materials.
Fixing boundary conditions.
Simulation contains lossy material. Solving a complex-valued eigenvalue problem.
Starting simulation.
CPU walltime: 139.138 seconds.
Simulation completed successfully at: 周五 3月 31 21:07:30 2023
  + time to run simulation: 139s
  + time to finalize and save data: 4s
